# JRE version: Java(TM) SE Runtime Environment (8.0_05-b13) (build 1.8.0_05-b13)
# Java VM: Java HotSpot(TM) 64-Bit Server VM (25.5-b02 mixed mode bsd-amd64 compressed oops)
Heap:
 PSYoungGen      total 7680K, used 5958K [0x000000014b300000, 0x000000014bf80000, 0x0000000160800000)
  eden space 6656K, 79% used [0x000000014b300000,0x000000014b831a10,0x000000014b980000)
  from space 1024K, 62% used [0x000000014b980000,0x000000014ba20000,0x000000014ba80000)
  to   space 1024K, 0% used [0x000000014be80000,0x000000014be80000,0x000000014bf80000)
 ParOldGen       total 260608K, used 1629K [0x0000000120800000, 0x0000000130680000, 0x000000014b300000)
  object space 260608K, 0% used [0x0000000120800000,0x00000001209977c8,0x0000000130680000)
 Metaspace       used 5362K, capacity 6100K, committed 6400K, reserved 1056768K
  class space    used 670K, capacity 720K, committed 768K, reserved 1048576K
GC Heap History (10 events):
Event: 0.196 GC heap before
{Heap before GC invocations=7 (full 0):
 PSYoungGen      total 3072K, used 2772K [0x000000014b300000, 0x000000014b700000, 0x0000000160800000)
  eden space 2048K, 100% used [0x000000014b300000,0x000000014b500000,0x000000014b500000)
  from space 1024K, 70% used [0x000000014b600000,0x000000014b6b51b0,0x000000014b700000)
  to   space 1024K, 0% used [0x000000014b500000,0x000000014b500000,0x000000014b600000)
 ParOldGen       total 260608K, used 864K [0x0000000120800000, 0x0000000130680000, 0x000000014b300000)
  object space 260608K, 0% used [0x0000000120800000,0x00000001208d8048,0x0000000130680000)
 Metaspace       used 2985K, capacity 4652K, committed 4864K, reserved 1056768K
  class space    used 328K, capacity 424K, committed 512K, reserved 1048576K
Event: 0.197 GC heap after
Heap after GC invocations=7 (full 0):
 PSYoungGen      total 3072K, used 436K [0x000000014b300000, 0x000000014b900000, 0x0000000160800000)
  eden space 2048K, 0% used [0x000000014b300000,0x000000014b300000,0x000000014b500000)
  from space 1024K, 42% used [0x000000014b500000,0x000000014b56d1b0,0x000000014b600000)
  to   space 1024K, 0% used [0x000000014b800000,0x000000014b800000,0x000000014b900000)
 ParOldGen       total 260608K, used 1168K [0x0000000120800000, 0x0000000130680000, 0x000000014b300000)
  object space 260608K, 0% used [0x0000000120800000,0x0000000120924098,0x0000000130680000)
 Metaspace       used 2985K, capacity 4652K, committed 4864K, reserved 1056768K
  class space    used 328K, capacity 424K, committed 512K, reserved 1048576K
}
Event: 0.214 GC heap before
{Heap before GC invocations=8 (full 0):
 PSYoungGen      total 3072K, used 2484K [0x000000014b300000, 0x000000014b900000, 0x0000000160800000)
  eden space 2048K, 100% used [0x000000014b300000,0x000000014b500000,0x000000014b500000)
  from space 1024K, 42% used [0x000000014b500000,0x000000014b56d1b0,0x000000014b600000)
  to   space 1024K, 0% used [0x000000014b800000,0x000000014b800000,0x000000014b900000)
 ParOldGen       total 260608K, used 1168K [0x0000000120800000, 0x0000000130680000, 0x000000014b300000)
  object space 260608K, 0% used [0x0000000120800000,0x0000000120924098,0x0000000130680000)
 Metaspace       used 3041K, capacity 4684K, committed 4864K, reserved 1056768K
  class space    used 347K, capacity 456K, committed 512K, reserved 1048576K
Event: 0.215 GC heap after
Heap after GC invocations=8 (full 0):
 PSYoungGen      total 5120K, used 352K [0x000000014b300000, 0x000000014b900000, 0x0000000160800000)
  eden space 4096K, 0% used [0x000000014b300000,0x000000014b300000,0x000000014b700000)
  from space 1024K, 34% used [0x000000014b800000,0x000000014b858000,0x000000014b900000)
  to   space 1024K, 0% used [0x000000014b700000,0x000000014b700000,0x000000014b800000)
 ParOldGen       total 260608K, used 1289K [0x0000000120800000, 0x0000000130680000, 0x000000014b300000)
  object space 260608K, 0% used [0x0000000120800000,0x0000000120942618,0x0000000130680000)
 Metaspace       used 3041K, capacity 4684K, committed 4864K, reserved 1056768K
  class space    used 347K, capacity 456K, committed 512K, reserved 1048576K
}
Event: 0.261 GC heap before
{Heap before GC invocations=9 (full 0):
 PSYoungGen      total 5120K, used 4448K [0x000000014b300000, 0x000000014b900000, 0x0000000160800000)
  eden space 4096K, 100% used [0x000000014b300000,0x000000014b700000,0x000000014b700000)
  from space 1024K, 34% used [0x000000014b800000,0x000000014b858000,0x000000014b900000)
  to   space 1024K, 0% used [0x000000014b700000,0x000000014b700000,0x000000014b800000)
 ParOldGen       total 260608K, used 1289K [0x0000000120800000, 0x0000000130680000, 0x000000014b300000)
  object space 260608K, 0% used [0x0000000120800000,0x0000000120942618,0x0000000130680000)
 Metaspace       used 3474K, capacity 4972K, committed 5120K, reserved 1056768K
  class space    used 395K, capacity 488K, committed 512K, reserved 1048576K
Event: 0.263 GC heap after
Heap after GC invocations=9 (full 0):
 PSYoungGen      total 5120K, used 557K [0x000000014b300000, 0x000000014bb80000, 0x0000000160800000)
  eden space 4096K, 0% used [0x000000014b300000,0x000000014b300000,0x000000014b700000)
  from space 1024K, 54% used [0x000000014b700000,0x000000014b78b750,0x000000014b800000)
  to   space 1024K, 0% used [0x000000014ba80000,0x000000014ba80000,0x000000014bb80000)
 ParOldGen       total 260608K, used 1453K [0x0000000120800000, 0x0000000130680000, 0x000000014b300000)
  object space 260608K, 0% used [0x0000000120800000,0x000000012096b7c8,0x0000000130680000)
 Metaspace       used 3474K, capacity 4972K, committed 5120K, reserved 1056768K
  class space    used 395K, capacity 488K, committed 512K, reserved 1048576K
}
Event: 0.290 GC heap before
{Heap before GC invocations=10 (full 0):
 PSYoungGen      total 5120K, used 4653K [0x000000014b300000, 0x000000014bb80000, 0x0000000160800000)
  eden space 4096K, 100% used [0x000000014b300000,0x000000014b700000,0x000000014b700000)
  from space 1024K, 54% used [0x000000014b700000,0x000000014b78b750,0x000000014b800000)
  to   space 1024K, 0% used [0x000000014ba80000,0x000000014ba80000,0x000000014bb80000)
 ParOldGen       total 260608K, used 1453K [0x0000000120800000, 0x0000000130680000, 0x000000014b300000)
  object space 260608K, 0% used [0x0000000120800000,0x000000012096b7c8,0x0000000130680000)
 Metaspace       used 3800K, capacity 5196K, committed 5504K, reserved 1056768K
  class space    used 442K, capacity 520K, committed 640K, reserved 1048576K
Event: 0.290 GC heap after
Heap after GC invocations=10 (full 0):
 PSYoungGen      total 7680K, used 530K [0x000000014b300000, 0x000000014bb80000, 0x0000000160800000)
  eden space 6656K, 0% used [0x000000014b300000,0x000000014b300000,0x000000014b980000)
  from space 1024K, 51% used [0x000000014ba80000,0x000000014bb048d8,0x000000014bb80000)
  to   space 1024K, 0% used [0x000000014b980000,0x000000014b980000,0x000000014ba80000)
 ParOldGen       total 260608K, used 1517K [0x0000000120800000, 0x0000000130680000, 0x000000014b300000)
  object space 260608K, 0% used [0x0000000120800000,0x000000012097b7c8,0x0000000130680000)
 Metaspace       used 3800K, capacity 5196K, committed 5504K, reserved 1056768K
  class space    used 442K, capacity 520K, committed 640K, reserved 1048576K
}
Event: 0.362 GC heap before
{Heap before GC invocations=11 (full 0):
 PSYoungGen      total 7680K, used 7186K [0x000000014b300000, 0x000000014bb80000, 0x0000000160800000)
  eden space 6656K, 100% used [0x000000014b300000,0x000000014b980000,0x000000014b980000)
  from space 1024K, 51% used [0x000000014ba80000,0x000000014bb048d8,0x000000014bb80000)
  to   space 1024K, 0% used [0x000000014b980000,0x000000014b980000,0x000000014ba80000)
 ParOldGen       total 260608K, used 1517K [0x0000000120800000, 0x0000000130680000, 0x000000014b300000)
  object space 260608K, 0% used [0x0000000120800000,0x000000012097b7c8,0x0000000130680000)
 Metaspace       used 4446K, capacity 5644K, committed 5760K, reserved 1056768K
  class space    used 541K, capacity 584K, committed 640K, reserved 1048576K
Event: 0.363 GC heap after
Heap after GC invocations=11 (full 0):
 PSYoungGen      total 7680K, used 640K [0x000000014b300000, 0x000000014bf80000, 0x0000000160800000)
  eden space 6656K, 0% used [0x000000014b300000,0x000000014b300000,0x000000014b980000)
  from space 1024K, 62% used [0x000000014b980000,0x000000014ba20000,0x000000014ba80000)
  to   space 1024K, 0% used [0x000000014be80000,0x000000014be80000,0x000000014bf80000)
 ParOldGen       total 260608K, used 1629K [0x0000000120800000, 0x0000000130680000, 0x000000014b300000)
  object space 260608K, 0% used [0x0000000120800000,0x00000001209977c8,0x0000000130680000)
 Metaspace       used 4446K, capacity 5644K, committed 5760K, reserved 1056768K
  class space    used 541K, capacity 584K, committed 640K, reserved 1048576K
}

